# JRE version: OpenJDK Runtime Environment (8.0_302-b01) (build 1.8.0_302-b1)
# Java VM: OpenJDK 64-Bit Server VM (25.302-b1 mixed mode, sharing linux-amd64 compressed oops)
Heap:
 PSYoungGen      total 611328K, used 0K [0x00000000d5580000, 0x00000000ff580000, 0x0000000100000000)
  eden space 538112K, 0% used [0x00000000d5580000,0x00000000d5580000,0x00000000f6300000)
  from space 73216K, 0% used [0x00000000f6300000,0x00000000f6300000,0x00000000faa80000)
  to   space 69120K, 0% used [0x00000000fb200000,0x00000000fb200000,0x00000000ff580000)
 ParOldGen       total 856576K, used 813265K [0x0000000080000000, 0x00000000b4480000, 0x00000000d5580000)
  object space 856576K, 94% used [0x0000000080000000,0x00000000b1a345f0,0x00000000b4480000)
 Metaspace       used 169711K, capacity 196308K, committed 196760K, reserved 1216512K
  class space    used 24658K, capacity 30574K, committed 30616K, reserved 1048576K
GC Heap History (10 events):
Event: 1632.050 GC heap after
Heap after GC invocations=130 (full 7):
 PSYoungGen      total 588288K, used 22234K [0x00000000d5580000, 0x00000000ff580000, 0x0000000100000000)
  eden space 497664K, 0% used [0x00000000d5580000,0x00000000d5580000,0x00000000f3b80000)
  from space 90624K, 24% used [0x00000000f3b80000,0x00000000f5136850,0x00000000f9400000)
  to   space 84992K, 0% used [0x00000000fa280000,0x00000000fa280000,0x00000000ff580000)
 ParOldGen       total 856576K, used 766329K [0x0000000080000000, 0x00000000b4480000, 0x00000000d5580000)
  object space 856576K, 89% used [0x0000000080000000,0x00000000aec5e4d0,0x00000000b4480000)
 Metaspace       used 169569K, capacity 196260K, committed 196504K, reserved 1214464K
  class space    used 24656K, capacity 30572K, committed 30616K, reserved 1048576K
}
Event: 1634.632 GC heap before
{Heap before GC invocations=131 (full 7):
 PSYoungGen      total 588288K, used 519898K [0x00000000d5580000, 0x00000000ff580000, 0x0000000100000000)
  eden space 497664K, 100% used [0x00000000d5580000,0x00000000f3b80000,0x00000000f3b80000)
  from space 90624K, 24% used [0x00000000f3b80000,0x00000000f5136850,0x00000000f9400000)
  to   space 84992K, 0% used [0x00000000fa280000,0x00000000fa280000,0x00000000ff580000)
 ParOldGen       total 856576K, used 766429K [0x0000000080000000, 0x00000000b4480000, 0x00000000d5580000)
  object space 856576K, 89% used [0x0000000080000000,0x00000000aec77538,0x00000000b4480000)
 Metaspace       used 169576K, capacity 196260K, committed 196504K, reserved 1214464K
  class space    used 24656K, capacity 30572K, committed 30616K, reserved 1048576K
Event: 1634.727 GC heap after
Heap after GC invocations=131 (full 7):
 PSYoungGen      total 604672K, used 13906K [0x00000000d5580000, 0x00000000ff380000, 0x0000000100000000)
  eden space 521728K, 0% used [0x00000000d5580000,0x00000000d5580000,0x00000000f5300000)
  from space 82944K, 16% used [0x00000000fa280000,0x00000000fb014bb8,0x00000000ff380000)
  to   space 81408K, 0% used [0x00000000f5300000,0x00000000f5300000,0x00000000fa280000)
 ParOldGen       total 856576K, used 781162K [0x0000000080000000, 0x00000000b4480000, 0x00000000d5580000)
  object space 856576K, 91% used [0x0000000080000000,0x00000000afadabd8,0x00000000b4480000)
 Metaspace       used 169576K, capacity 196260K, committed 196504K, reserved 1214464K
  class space    used 24656K, capacity 30572K, committed 30616K, reserved 1048576K
}
Event: 1636.633 GC heap before
{Heap before GC invocations=132 (full 7):
 PSYoungGen      total 604672K, used 535634K [0x00000000d5580000, 0x00000000ff380000, 0x0000000100000000)
  eden space 521728K, 100% used [0x00000000d5580000,0x00000000f5300000,0x00000000f5300000)
  from space 82944K, 16% used [0x00000000fa280000,0x00000000fb014bb8,0x00000000ff380000)
  to   space 81408K, 0% used [0x00000000f5300000,0x00000000f5300000,0x00000000fa280000)
 ParOldGen       total 856576K, used 781182K [0x0000000080000000, 0x00000000b4480000, 0x00000000d5580000)
  object space 856576K, 91% used [0x0000000080000000,0x00000000afadf9a0,0x00000000b4480000)
 Metaspace       used 169594K, capacity 196328K, committed 196504K, reserved 1214464K
  class space    used 24656K, capacity 30572K, committed 30616K, reserved 1048576K
Event: 1636.933 GC heap after
Heap after GC invocations=132 (full 7):
 PSYoungGen      total 603136K, used 17839K [0x00000000d5580000, 0x00000000ff580000, 0x0000000100000000)
  eden space 521728K, 0% used [0x00000000d5580000,0x00000000d5580000,0x00000000f5300000)
  from space 81408K, 21% used [0x00000000f5300000,0x00000000f646bf18,0x00000000fa280000)
  to   space 76800K, 0% used [0x00000000faa80000,0x00000000faa80000,0x00000000ff580000)
 ParOldGen       total 856576K, used 791916K [0x0000000080000000, 0x00000000b4480000, 0x00000000d5580000)
  object space 856576K, 92% used [0x0000000080000000,0x00000000b055b1e0,0x00000000b4480000)
 Metaspace       used 169594K, capacity 196328K, committed 196504K, reserved 1214464K
  class space    used 24656K, capacity 30572K, committed 30616K, reserved 1048576K
}
Event: 1639.832 GC heap before
{Heap before GC invocations=133 (full 7):
 PSYoungGen      total 603136K, used 539567K [0x00000000d5580000, 0x00000000ff580000, 0x0000000100000000)
  eden space 521728K, 100% used [0x00000000d5580000,0x00000000f5300000,0x00000000f5300000)
  from space 81408K, 21% used [0x00000000f5300000,0x00000000f646bf18,0x00000000fa280000)
  to   space 76800K, 0% used [0x00000000faa80000,0x00000000faa80000,0x00000000ff580000)
 ParOldGen       total 856576K, used 791916K [0x0000000080000000, 0x00000000b4480000, 0x00000000d5580000)
  object space 856576K, 92% used [0x0000000080000000,0x00000000b055b1e0,0x00000000b4480000)
 Metaspace       used 169673K, capacity 196416K, committed 196504K, reserved 1214464K
  class space    used 24668K, capacity 30576K, committed 30616K, reserved 1048576K
Event: 1640.033 GC heap after
Heap after GC invocations=133 (full 7):
 PSYoungGen      total 613888K, used 28807K [0x00000000d5580000, 0x00000000ff480000, 0x0000000100000000)
  eden space 538112K, 0% used [0x00000000d5580000,0x00000000d5580000,0x00000000f6300000)
  from space 75776K, 38% used [0x00000000faa80000,0x00000000fc6a1ed0,0x00000000ff480000)
  to   space 73216K, 0% used [0x00000000f6300000,0x00000000f6300000,0x00000000faa80000)
 ParOldGen       total 856576K, used 805762K [0x0000000080000000, 0x00000000b4480000, 0x00000000d5580000)
  object space 856576K, 94% used [0x0000000080000000,0x00000000b12e09d8,0x00000000b4480000)
 Metaspace       used 169673K, capacity 196416K, committed 196504K, reserved 1214464K
  class space    used 24668K, capacity 30576K, committed 30616K, reserved 1048576K
}
Event: 1645.532 GC heap before
{Heap before GC invocations=134 (full 7):
 PSYoungGen      total 613888K, used 566919K [0x00000000d5580000, 0x00000000ff480000, 0x0000000100000000)
  eden space 538112K, 100% used [0x00000000d5580000,0x00000000f6300000,0x00000000f6300000)
  from space 75776K, 38% used [0x00000000faa80000,0x00000000fc6a1ed0,0x00000000ff480000)
  to   space 73216K, 0% used [0x00000000f6300000,0x00000000f6300000,0x00000000faa80000)
 ParOldGen       total 856576K, used 805762K [0x0000000080000000, 0x00000000b4480000, 0x00000000d5580000)
  object space 856576K, 94% used [0x0000000080000000,0x00000000b12e09d8,0x00000000b4480000)
 Metaspace       used 169775K, capacity 196512K, committed 196760K, reserved 1216512K
  class space    used 24677K, capacity 30608K, committed 30616K, reserved 1048576K
Event: 1646.425 GC heap after
Heap after GC invocations=134 (full 7):
 PSYoungGen      total 611328K, used 20625K [0x00000000d5580000, 0x00000000ff580000, 0x0000000100000000)
  eden space 538112K, 0% used [0x00000000d5580000,0x00000000d5580000,0x00000000f6300000)
  from space 73216K, 28% used [0x00000000f6300000,0x00000000f7724460,0x00000000faa80000)
  to   space 69120K, 0% used [0x00000000fb200000,0x00000000fb200000,0x00000000ff580000)
 ParOldGen       total 856576K, used 830396K [0x0000000080000000, 0x00000000b4480000, 0x00000000d5580000)
  object space 856576K, 96% used [0x0000000080000000,0x00000000b2aef188,0x00000000b4480000)
 Metaspace       used 169775K, capacity 196512K, committed 196760K, reserved 1216512K
  class space    used 24677K, capacity 30608K, committed 30616K, reserved 1048576K
}
Event: 1646.429 GC heap before
{Heap before GC invocations=135 (full 8):
 PSYoungGen      total 611328K, used 20625K [0x00000000d5580000, 0x00000000ff580000, 0x0000000100000000)
  eden space 538112K, 0% used [0x00000000d5580000,0x00000000d5580000,0x00000000f6300000)
  from space 73216K, 28% used [0x00000000f6300000,0x00000000f7724460,0x00000000faa80000)
  to   space 69120K, 0% used [0x00000000fb200000,0x00000000fb200000,0x00000000ff580000)
 ParOldGen       total 856576K, used 830396K [0x0000000080000000, 0x00000000b4480000, 0x00000000d5580000)
  object space 856576K, 96% used [0x0000000080000000,0x00000000b2aef188,0x00000000b4480000)
 Metaspace       used 169775K, capacity 196512K, committed 196760K, reserved 1216512K
  class space    used 24677K, capacity 30608K, committed 30616K, reserved 1048576K

